This is pdfTeX, Version 3.14159265-2.6-1.40.21 (TeX Live 2020) (preloaded format=pdflatex 2021.2.5)  15 SEP 2021 11:17
entering extended mode
 restricted \write18 enabled.
 %&-line parsing enabled.
**Manuscript_Effect_of_scanner_upgrade_afterRevision2021.tex
(./Manuscript_Effect_of_scanner_upgrade_afterRevision2021.tex
LaTeX2e <2020-10-01> patch level 4
L3 programming layer <2021-02-02> (/data/hu_fbeyer/.TinyTeX/texmf-dist/tex/late
x/base/article.cls
Document Class: article 2020/04/10 v1.4m Standard LaTeX document class
(/data/hu_fbeyer/.TinyTeX/texmf-dist/tex/latex/base/size10.clo
File: size10.clo 2020/04/10 v1.4m Standard LaTeX file (size option)
)
\c@part=\count177
\c@section=\count178
\c@subsection=\count179
\c@subsubsection=\count180
\c@paragraph=\count181
\c@subparagraph=\count182
\c@figure=\count183
\c@table=\count184
\abovecaptionskip=\skip47
\belowcaptionskip=\skip48
\bibindent=\dimen138
) (/data/hu_fbeyer/.TinyTeX/texmf-dist/tex/latex/amsmath/amsmath.sty
Package: amsmath 2020/09/23 v2.17i AMS math features
\@mathmargin=\skip49
For additional information on amsmath, use the `?' option.
(/data/hu_fbeyer/.TinyTeX/texmf-dist/tex/latex/amsmath/amstext.sty
Package: amstext 2000/06/29 v2.01 AMS text
(/data/hu_fbeyer/.TinyTeX/texmf-dist/tex/latex/amsmath/amsgen.sty
File: amsgen.sty 1999/11/30 v2.0 generic functions
\@emptytoks=\toks15
\ex@=\dimen139
)) (/data/hu_fbeyer/.TinyTeX/texmf-dist/tex/latex/amsmath/amsbsy.sty
Package: amsbsy 1999/11/29 v1.2d Bold Symbols
\pmbraise@=\dimen140
) (/data/hu_fbeyer/.TinyTeX/texmf-dist/tex/latex/amsmath/amsopn.sty
Package: amsopn 2016/03/08 v2.02 operator names
)
\inf@bad=\count185
LaTeX Info: Redefining \frac on input line 234.
\uproot@=\count186
\leftroot@=\count187
LaTeX Info: Redefining \overline on input line 399.
\classnum@=\count188
\DOTSCASE@=\count189
LaTeX Info: Redefining \ldots on input line 496.
LaTeX Info: Redefining \dots on input line 499.
LaTeX Info: Redefining \cdots on input line 620.
\Mathstrutbox@=\box47
\strutbox@=\box48
\big@size=\dimen141
LaTeX Font Info:    Redeclaring font encoding OML on input line 743.
LaTeX Font Info:    Redeclaring font encoding OMS on input line 744.
\macc@depth=\count190
\c@MaxMatrixCols=\count191
\dotsspace@=\muskip16
\c@parentequation=\count192
\dspbrk@lvl=\count193
\tag@help=\toks16
\row@=\count194
\column@=\count195
\maxfields@=\count196
\andhelp@=\toks17
\eqnshift@=\dimen142
\alignsep@=\dimen143
\tagshift@=\dimen144
\tagwidth@=\dimen145
\totwidth@=\dimen146
\lineht@=\dimen147
\@envbody=\toks18
\multlinegap=\skip50
\multlinetaggap=\skip51
\mathdisplay@stack=\toks19
LaTeX Info: Redefining \[ on input line 2923.
LaTeX Info: Redefining \] on input line 2924.
) (/data/hu_fbeyer/.TinyTeX/texmf-dist/tex/latex/amsfonts/amssymb.sty
Package: amssymb 2013/01/14 v3.01 AMS font symbols
(/data/hu_fbeyer/.TinyTeX/texmf-dist/tex/latex/amsfonts/amsfonts.sty
Package: amsfonts 2013/01/14 v3.01 Basic AMSFonts support
\symAMSa=\mathgroup4
\symAMSb=\mathgroup5
LaTeX Font Info:    Redeclaring math symbol \hbar on input line 98.
LaTeX Font Info:    Overwriting math alphabet `\mathfrak' in version `bold'
(Font)                  U/euf/m/n --> U/euf/b/n on input line 106.
)) (/data/hu_fbeyer/.TinyTeX/texmf-dist/tex/latex/lm/lmodern.sty
Package: lmodern 2009/10/30 v1.6 Latin Modern Fonts
LaTeX Font Info:    Overwriting symbol font `operators' in version `normal'
(Font)                  OT1/cmr/m/n --> OT1/lmr/m/n on input line 22.
LaTeX Font Info:    Overwriting symbol font `letters' in version `normal'
(Font)                  OML/cmm/m/it --> OML/lmm/m/it on input line 23.
LaTeX Font Info:    Overwriting symbol font `symbols' in version `normal'
(Font)                  OMS/cmsy/m/n --> OMS/lmsy/m/n on input line 24.
LaTeX Font Info:    Overwriting symbol font `largesymbols' in version `normal'
(Font)                  OMX/cmex/m/n --> OMX/lmex/m/n on input line 25.
LaTeX Font Info:    Overwriting symbol font `operators' in version `bold'
(Font)                  OT1/cmr/bx/n --> OT1/lmr/bx/n on input line 26.
LaTeX Font Info:    Overwriting symbol font `letters' in version `bold'
(Font)                  OML/cmm/b/it --> OML/lmm/b/it on input line 27.
LaTeX Font Info:    Overwriting symbol font `symbols' in version `bold'
(Font)                  OMS/cmsy/b/n --> OMS/lmsy/b/n on input line 28.
LaTeX Font Info:    Overwriting symbol font `largesymbols' in version `bold'
(Font)                  OMX/cmex/m/n --> OMX/lmex/m/n on input line 29.
LaTeX Font Info:    Overwriting math alphabet `\mathbf' in version `normal'
(Font)                  OT1/cmr/bx/n --> OT1/lmr/bx/n on input line 31.
LaTeX Font Info:    Overwriting math alphabet `\mathsf' in version `normal'
(Font)                  OT1/cmss/m/n --> OT1/lmss/m/n on input line 32.
LaTeX Font Info:    Overwriting math alphabet `\mathit' in version `normal'
(Font)                  OT1/cmr/m/it --> OT1/lmr/m/it on input line 33.
LaTeX Font Info:    Overwriting math alphabet `\mathtt' in version `normal'
(Font)                  OT1/cmtt/m/n --> OT1/lmtt/m/n on input line 34.
LaTeX Font Info:    Overwriting math alphabet `\mathbf' in version `bold'
(Font)                  OT1/cmr/bx/n --> OT1/lmr/bx/n on input line 35.
LaTeX Font Info:    Overwriting math alphabet `\mathsf' in version `bold'
(Font)                  OT1/cmss/bx/n --> OT1/lmss/bx/n on input line 36.
LaTeX Font Info:    Overwriting math alphabet `\mathit' in version `bold'
(Font)                  OT1/cmr/bx/it --> OT1/lmr/bx/it on input line 37.
LaTeX Font Info:    Overwriting math alphabet `\mathtt' in version `bold'
(Font)                  OT1/cmtt/m/n --> OT1/lmtt/m/n on input line 38.
) (/data/hu_fbeyer/.TinyTeX/texmf-dist/tex/generic/iftex/ifxetex.sty
Package: ifxetex 2019/10/25 v0.7 ifxetex legacy package. Use iftex instead.
(/data/hu_fbeyer/.TinyTeX/texmf-dist/tex/generic/iftex/iftex.sty
Package: iftex 2020/03/06 v1.0d TeX engine tests
)) (/data/hu_fbeyer/.TinyTeX/texmf-dist/tex/generic/iftex/ifluatex.sty
Package: ifluatex 2019/10/25 v1.5 ifluatex legacy package. Use iftex instead.
) (/data/hu_fbeyer/.TinyTeX/texmf-dist/tex/latex/base/fontenc.sty
Package: fontenc 2020/08/10 v2.0s Standard LaTeX package
LaTeX Font Info:    Trying to load font information for T1+lmr on input line 11
2.
(/data/hu_fbeyer/.TinyTeX/texmf-dist/tex/latex/lm/t1lmr.fd
File: t1lmr.fd 2009/10/30 v1.6 Font defs for Latin Modern
)) (/data/hu_fbeyer/.TinyTeX/texmf-dist/tex/latex/base/inputenc.sty
Package: inputenc 2020/08/01 v1.3d Input encoding file
\inpenc@prehook=\toks20
\inpenc@posthook=\toks21
) (/data/hu_fbeyer/.TinyTeX/texmf-dist/tex/latex/base/textcomp.sty
Package: textcomp 2020/02/02 v2.0n Standard LaTeX package
) (/data/hu_fbeyer/.TinyTeX/texmf-dist/tex/latex/upquote/upquote.sty
Package: upquote 2012/04/19 v1.3 upright-quote and grave-accent glyphs in verba
tim
) (/data/hu_fbeyer/.TinyTeX/texmf-dist/tex/latex/microtype/microtype.sty
Package: microtype 2020/12/07 v2.8 Micro-typographical refinements (RS)
(/data/hu_fbeyer/.TinyTeX/texmf-dist/tex/latex/graphics/keyval.sty
Package: keyval 2014/10/28 v1.15 key=value parser (DPC)
\KV@toks@=\toks22
)
\MT@toks=\toks23
\MT@count=\count197
LaTeX Info: Redefining \textls on input line 788.
\MT@outer@kern=\dimen148
LaTeX Info: Redefining \textmicrotypecontext on input line 1358.
\MT@listname@count=\count198
(/data/hu_fbeyer/.TinyTeX/texmf-dist/tex/latex/microtype/microtype-pdftex.def
File: microtype-pdftex.def 2020/12/07 v2.8 Definitions specific to pdftex (RS)
LaTeX Info: Redefining \lsstyle on input line 915.
LaTeX Info: Redefining \lslig on input line 915.
\MT@outer@space=\skip52
)
Package microtype Info: Loading configuration file microtype.cfg.
(/data/hu_fbeyer/.TinyTeX/texmf-dist/tex/latex/microtype/microtype.cfg
File: microtype.cfg 2020/12/07 v2.8 microtype main configuration file (RS)
)) (/data/hu_fbeyer/.TinyTeX/texmf-dist/tex/latex/parskip/parskip.sty
Package: parskip 2020-06-15 v2.0f non-zero parskip adjustments
(/data/hu_fbeyer/.TinyTeX/texmf-dist/tex/latex/kvoptions/kvoptions.sty
Package: kvoptions 2020-10-07 v3.14 Key value format for package options (HO)
(/data/hu_fbeyer/.TinyTeX/texmf-dist/tex/generic/ltxcmds/ltxcmds.sty
Package: ltxcmds 2020-05-10 v1.25 LaTeX kernel commands for general use (HO)
) (/data/hu_fbeyer/.TinyTeX/texmf-dist/tex/generic/kvsetkeys/kvsetkeys.sty
Package: kvsetkeys 2019/12/15 v1.18 Key value parser (HO)
)) (/data/hu_fbeyer/.TinyTeX/texmf-dist/tex/latex/etoolbox/etoolbox.sty
Package: etoolbox 2020/10/05 v2.5k e-TeX tools for LaTeX (JAW)
\etb@tempcnta=\count199
)) (/data/hu_fbeyer/.TinyTeX/texmf-dist/tex/latex/xcolor/xcolor.sty
Package: xcolor 2016/05/11 v2.12 LaTeX color extensions (UK)
(/data/hu_fbeyer/.TinyTeX/texmf-dist/tex/latex/graphics-cfg/color.cfg
File: color.cfg 2016/01/02 v1.6 sample color configuration
)
Package xcolor Info: Driver file: pdftex.def on input line 225.
(/data/hu_fbeyer/.TinyTeX/texmf-dist/tex/latex/graphics-def/pdftex.def
File: pdftex.def 2020/10/05 v1.2a Graphics/color driver for pdftex
)
Package xcolor Info: Model `cmy' substituted by `cmy0' on input line 1348.
Package xcolor Info: Model `hsb' substituted by `rgb' on input line 1352.
Package xcolor Info: Model `RGB' extended on input line 1364.
Package xcolor Info: Model `HTML' substituted by `rgb' on input line 1366.
Package xcolor Info: Model `Hsb' substituted by `hsb' on input line 1367.
Package xcolor Info: Model `tHsb' substituted by `hsb' on input line 1368.
Package xcolor Info: Model `HSB' substituted by `hsb' on input line 1369.
Package xcolor Info: Model `Gray' substituted by `gray' on input line 1370.
Package xcolor Info: Model `wave' substituted by `hsb' on input line 1371.
) (/data/hu_fbeyer/.TinyTeX/texmf-dist/tex/latex/hyperref/hyperref.sty
Package: hyperref 2020-05-15 v7.00e Hypertext links for LaTeX
(/data/hu_fbeyer/.TinyTeX/texmf-dist/tex/generic/pdftexcmds/pdftexcmds.sty
Package: pdftexcmds 2020-06-27 v0.33 Utility functions of pdfTeX for LuaTeX (HO
)
(/data/hu_fbeyer/.TinyTeX/texmf-dist/tex/generic/infwarerr/infwarerr.sty
Package: infwarerr 2019/12/03 v1.5 Providing info/warning/error messages (HO)
)
Package pdftexcmds Info: \pdf@primitive is available.
Package pdftexcmds Info: \pdf@ifprimitive is available.
Package pdftexcmds Info: \pdfdraftmode found.
) (/data/hu_fbeyer/.TinyTeX/texmf-dist/tex/generic/kvdefinekeys/kvdefinekeys.st
y
Package: kvdefinekeys 2019-12-19 v1.6 Define keys (HO)
) (/data/hu_fbeyer/.TinyTeX/texmf-dist/tex/generic/pdfescape/pdfescape.sty
Package: pdfescape 2019/12/09 v1.15 Implements pdfTeX's escape features (HO)
) (/data/hu_fbeyer/.TinyTeX/texmf-dist/tex/latex/hycolor/hycolor.sty
Package: hycolor 2020-01-27 v1.10 Color options for hyperref/bookmark (HO)
) (/data/hu_fbeyer/.TinyTeX/texmf-dist/tex/latex/letltxmacro/letltxmacro.sty
Package: letltxmacro 2019/12/03 v1.6 Let assignment for LaTeX macros (HO)
) (/data/hu_fbeyer/.TinyTeX/texmf-dist/tex/latex/auxhook/auxhook.sty
Package: auxhook 2019-12-17 v1.6 Hooks for auxiliary files (HO)
)
\@linkdim=\dimen149
\Hy@linkcounter=\count266
\Hy@pagecounter=\count267
(/data/hu_fbeyer/.TinyTeX/texmf-dist/tex/latex/hyperref/pd1enc.def
File: pd1enc.def 2020-05-15 v7.00e Hyperref: PDFDocEncoding definition (HO)
Now handling font encoding PD1 ...
... no UTF-8 mapping file for font encoding PD1
) (/data/hu_fbeyer/.TinyTeX/texmf-dist/tex/generic/intcalc/intcalc.sty
Package: intcalc 2019/12/15 v1.3 Expandable calculations with integers (HO)
) (/data/hu_fbeyer/.TinyTeX/texmf-dist/tex/generic/etexcmds/etexcmds.sty
Package: etexcmds 2019/12/15 v1.7 Avoid name clashes with e-TeX commands (HO)
)
\Hy@SavedSpaceFactor=\count268
Package hyperref Info: Option `unicode' set `true' on input line 4338.
(/data/hu_fbeyer/.TinyTeX/texmf-dist/tex/latex/hyperref/puenc.def
File: puenc.def 2020-05-15 v7.00e Hyperref: PDF Unicode definition (HO)
Now handling font encoding PU ...
... no UTF-8 mapping file for font encoding PU
)
Package hyperref Info: Hyper figures OFF on input line 4464.
Package hyperref Info: Link nesting OFF on input line 4469.
Package hyperref Info: Hyper index ON on input line 4472.
Package hyperref Info: Plain pages OFF on input line 4479.
Package hyperref Info: Backreferencing OFF on input line 4484.
Package hyperref Info: Implicit mode ON; LaTeX internals redefined.
Package hyperref Info: Bookmarks ON on input line 4717.
\c@Hy@tempcnt=\count269
(/data/hu_fbeyer/.TinyTeX/texmf-dist/tex/latex/url/url.sty
\Urlmuskip=\muskip17
Package: url 2013/09/16  ver 3.4  Verb mode for urls, etc.
)
LaTeX Info: Redefining \url on input line 5076.
\XeTeXLinkMargin=\dimen150
(/data/hu_fbeyer/.TinyTeX/texmf-dist/tex/generic/bitset/bitset.sty
Package: bitset 2019/12/09 v1.3 Handle bit-vector datatype (HO)
(/data/hu_fbeyer/.TinyTeX/texmf-dist/tex/generic/bigintcalc/bigintcalc.sty
Package: bigintcalc 2019/12/15 v1.5 Expandable calculations on big integers (HO
)
))
\Fld@menulength=\count270
\Field@Width=\dimen151
\Fld@charsize=\dimen152
Package hyperref Info: Hyper figures OFF on input line 6347.
Package hyperref Info: Link nesting OFF on input line 6352.
Package hyperref Info: Hyper index ON on input line 6355.
Package hyperref Info: backreferencing OFF on input line 6362.
Package hyperref Info: Link coloring OFF on input line 6367.
Package hyperref Info: Link coloring with OCG OFF on input line 6372.
Package hyperref Info: PDF/A mode OFF on input line 6377.
LaTeX Info: Redefining \ref on input line 6417.
LaTeX Info: Redefining \pageref on input line 6421.
(/data/hu_fbeyer/.TinyTeX/texmf-dist/tex/latex/base/atbegshi-ltx.sty
Package: atbegshi-ltx 2020/08/17 v1.0a Emulation of the original atbegshi packa
ge
with kernel methods
)
\Hy@abspage=\count271
\c@Item=\count272
\c@Hfootnote=\count273
)
Package hyperref Info: Driver (autodetected): hpdftex.
(/data/hu_fbeyer/.TinyTeX/texmf-dist/tex/latex/hyperref/hpdftex.def
File: hpdftex.def 2020-05-15 v7.00e Hyperref driver for pdfTeX
(/data/hu_fbeyer/.TinyTeX/texmf-dist/tex/latex/base/atveryend-ltx.sty
Package: atveryend-ltx 2020/08/19 v1.0a Emulation of the original atvery packag
e
with kernel methods
)
\Fld@listcount=\count274
\c@bookmark@seq@number=\count275

(/data/hu_fbeyer/.TinyTeX/texmf-dist/tex/latex/rerunfilecheck/rerunfilecheck.st
y
Package: rerunfilecheck 2019/12/05 v1.9 Rerun checks for auxiliary files (HO)

(/data/hu_fbeyer/.TinyTeX/texmf-dist/tex/generic/uniquecounter/uniquecounter.st
y
Package: uniquecounter 2019/12/15 v1.4 Provide unlimited unique counter (HO)
)
Package uniquecounter Info: New unique counter `rerunfilecheck' on input line 2
86.
)
\Hy@SectionHShift=\skip53
) (/data/hu_fbeyer/.TinyTeX/texmf-dist/tex/latex/geometry/geometry.sty
Package: geometry 2020/01/02 v5.9 Page Geometry
(/data/hu_fbeyer/.TinyTeX/texmf-dist/tex/generic/iftex/ifvtex.sty
Package: ifvtex 2019/10/25 v1.7 ifvtex legacy package. Use iftex instead.
)
\Gm@cnth=\count276
\Gm@cntv=\count277
\c@Gm@tempcnt=\count278
\Gm@bindingoffset=\dimen153
\Gm@wd@mp=\dimen154
\Gm@odd@mp=\dimen155
\Gm@even@mp=\dimen156
\Gm@layoutwidth=\dimen157
\Gm@layoutheight=\dimen158
\Gm@layouthoffset=\dimen159
\Gm@layoutvoffset=\dimen160
\Gm@dimlist=\toks24
) (/data/hu_fbeyer/.TinyTeX/texmf-dist/tex/latex/tools/longtable.sty
Package: longtable 2020/01/07 v4.13 Multi-page Table package (DPC)
\LTleft=\skip54
\LTright=\skip55
\LTpre=\skip56
\LTpost=\skip57
\LTchunksize=\count279
\LTcapwidth=\dimen161
\LT@head=\box49
\LT@firsthead=\box50
\LT@foot=\box51
\LT@lastfoot=\box52
\LT@cols=\count280
\LT@rows=\count281
\c@LT@tables=\count282
\c@LT@chunks=\count283
\LT@p@ftn=\toks25
) (/data/hu_fbeyer/.TinyTeX/texmf-dist/tex/latex/booktabs/booktabs.sty
Package: booktabs 2020/01/12 v1.61803398 Publication quality tables
\heavyrulewidth=\dimen162
\lightrulewidth=\dimen163
\cmidrulewidth=\dimen164
\belowrulesep=\dimen165
\belowbottomsep=\dimen166
\aboverulesep=\dimen167
\abovetopsep=\dimen168
\cmidrulesep=\dimen169
\cmidrulekern=\dimen170
\defaultaddspace=\dimen171
\@cmidla=\count284
\@cmidlb=\count285
\@aboverulesep=\dimen172
\@belowrulesep=\dimen173
\@thisruleclass=\count286
\@lastruleclass=\count287
\@thisrulewidth=\dimen174
) (/data/hu_fbeyer/.TinyTeX/texmf-dist/tex/latex/tools/array.sty
Package: array 2020/10/01 v2.5c Tabular extension package (FMi)
\col@sep=\dimen175
\ar@mcellbox=\box53
\extrarowheight=\dimen176
\NC@list=\toks26
\extratabsurround=\skip58
\backup@length=\skip59
\ar@cellbox=\box54
) (/data/hu_fbeyer/.TinyTeX/texmf-dist/tex/latex/tools/calc.sty
Package: calc 2017/05/25 v4.3 Infix arithmetic (KKT,FJ)
\calc@Acount=\count288
\calc@Bcount=\count289
\calc@Adimen=\dimen177
\calc@Bdimen=\dimen178
\calc@Askip=\skip60
\calc@Bskip=\skip61
LaTeX Info: Redefining \setlength on input line 80.
LaTeX Info: Redefining \addtolength on input line 81.
\calc@Ccount=\count290
\calc@Cskip=\skip62
) (/data/hu_fbeyer/.TinyTeX/texmf-dist/tex/latex/mdwtools/footnote.sty
Package: footnote 1997/01/28 1.13 Save footnotes around boxes
\fn@notes=\box55
\fn@width=\dimen179
) (/data/hu_fbeyer/.TinyTeX/texmf-dist/tex/latex/graphics/graphicx.sty
Package: graphicx 2020/09/09 v1.2b Enhanced LaTeX Graphics (DPC,SPQR)
(/data/hu_fbeyer/.TinyTeX/texmf-dist/tex/latex/graphics/graphics.sty
Package: graphics 2020/08/30 v1.4c Standard LaTeX Graphics (DPC,SPQR)
(/data/hu_fbeyer/.TinyTeX/texmf-dist/tex/latex/graphics/trig.sty
Package: trig 2016/01/03 v1.10 sin cos tan (DPC)
) (/data/hu_fbeyer/.TinyTeX/texmf-dist/tex/latex/graphics-cfg/graphics.cfg
File: graphics.cfg 2016/06/04 v1.11 sample graphics configuration
)
Package graphics Info: Driver file: pdftex.def on input line 105.
)
\Gin@req@height=\dimen180
\Gin@req@width=\dimen181
) (/data/hu_fbeyer/.TinyTeX/texmf-dist/tex/latex/multirow/multirow.sty
Package: multirow 2021/01/29 v2.7 Span multiple rows of a table
\multirow@colwidth=\skip63
\multirow@cntb=\count291
\multirow@dima=\skip64
\bigstrutjot=\dimen182
) (/data/hu_fbeyer/.TinyTeX/texmf-dist/tex/latex/wrapfig/wrapfig.sty
\wrapoverhang=\dimen183
\WF@size=\dimen184
\c@WF@wrappedlines=\count292
\WF@box=\box56
\WF@everypar=\toks27
Package: wrapfig 2003/01/31  v 3.6
) (/data/hu_fbeyer/.TinyTeX/texmf-dist/tex/latex/float/float.sty
Package: float 2001/11/08 v1.3d Float enhancements (AL)
\c@float@type=\count293
\float@exts=\toks28
\float@box=\box57
\@float@everytoks=\toks29
\@floatcapt=\box58
) (/data/hu_fbeyer/.TinyTeX/texmf-dist/tex/latex/colortbl/colortbl.sty
Package: colortbl 2020/01/04 v1.0e Color table columns (DPC)
\everycr=\toks30
\minrowclearance=\skip65
) (/data/hu_fbeyer/.TinyTeX/texmf-dist/tex/latex/pdflscape/pdflscape.sty
Package: pdflscape 2019/12/05 v0.12 Display of landscape pages in PDF (HO)
(/data/hu_fbeyer/.TinyTeX/texmf-dist/tex/latex/graphics/lscape.sty
Package: lscape 2020/05/28 v3.02 Landscape Pages (DPC)
)
Package pdflscape Info: Auto-detected driver: pdftex on input line 81.
) (/data/hu_fbeyer/.TinyTeX/texmf-dist/tex/latex/tabu/tabu.sty
Package: tabu 2019/01/11 v2.9 - flexible LaTeX tabulars (FC+tabu-fixed)
(/data/hu_fbeyer/.TinyTeX/texmf-dist/tex/latex/varwidth/varwidth.sty
Package: varwidth 2009/03/30 ver 0.92;  Variable-width minipages
\@vwid@box=\box59
\sift@deathcycles=\count294
\@vwid@loff=\dimen185
\@vwid@roff=\dimen186
)
\c@taburow=\count295
\tabu@nbcols=\count296
\tabu@cnt=\count297
\tabu@Xcol=\count298
\tabu@alloc=\count299
\tabu@nested=\count300
\tabu@target=\dimen187
\tabu@spreadtarget=\dimen188
\tabu@naturalX=\dimen189
\tabucolX=\dimen190
\tabu@Xsum=\dimen191
\extrarowdepth=\dimen192
\abovetabulinesep=\dimen193
\belowtabulinesep=\dimen194
\tabustrutrule=\dimen195
\tabu@thebody=\toks31
\tabu@footnotes=\toks32
\tabu@box=\box60
\tabu@arstrutbox=\box61
\tabu@hleads=\box62
\tabu@vleads=\box63
\tabu@cellskip=\skip66
)
(/data/hu_fbeyer/.TinyTeX/texmf-dist/tex/latex/threeparttable/threeparttable.st
y
Package: threeparttable 2003/06/13  v 3.0
\@tempboxb=\box64
)
(/data/hu_fbeyer/.TinyTeX/texmf-dist/tex/latex/threeparttablex/threeparttablex.
sty
Package: threeparttablex 2013/07/23 v0.3 by daleif
(/data/hu_fbeyer/.TinyTeX/texmf-dist/tex/latex/environ/environ.sty
Package: environ 2014/05/04 v0.3 A new way to define environments
(/data/hu_fbeyer/.TinyTeX/texmf-dist/tex/latex/trimspaces/trimspaces.sty
Package: trimspaces 2009/09/17 v1.1 Trim spaces around a token list
))
\TPTL@width=\skip67
) (/data/hu_fbeyer/.TinyTeX/texmf-dist/tex/generic/ulem/ulem.sty
\UL@box=\box65
\UL@hyphenbox=\box66
\UL@skip=\skip68
\UL@hook=\toks33
\UL@height=\dimen196
\UL@pe=\count301
\UL@pixel=\dimen197
\ULC@box=\box67
Package: ulem 2019/11/18
\ULdepth=\dimen198
) (/data/hu_fbeyer/.TinyTeX/texmf-dist/tex/latex/makecell/makecell.sty
Package: makecell 2009/08/03 V0.1e Managing of Tab Column Heads and Cells
\rotheadsize=\dimen199
\c@nlinenum=\count302
\TeXr@lab=\toks34
)
\cslhangindent=\skip69
\csllabelwidth=\skip70
(/data/hu_fbeyer/.TinyTeX/texmf-dist/tex/latex/l3backend/l3backend-pdftex.def
File: l3backend-pdftex.def 2020-01-29 L3 backend support: PDF output (pdfTeX)
\l__color_backend_stack_int=\count303
\l__pdf_internal_box=\box68
) (./Manuscript_Effect_of_scanner_upgrade_afterRevision2021.aux)
\openout1 = `Manuscript_Effect_of_scanner_upgrade_afterRevision2021.aux'.

LaTeX Font Info:    Checking defaults for OML/cmm/m/it on input line 114.
LaTeX Font Info:    ... okay on input line 114.
LaTeX Font Info:    Checking defaults for OMS/cmsy/m/n on input line 114.
LaTeX Font Info:    ... okay on input line 114.
LaTeX Font Info:    Checking defaults for OT1/cmr/m/n on input line 114.
LaTeX Font Info:    ... okay on input line 114.
LaTeX Font Info:    Checking defaults for T1/cmr/m/n on input line 114.
LaTeX Font Info:    ... okay on input line 114.
LaTeX Font Info:    Checking defaults for TS1/cmr/m/n on input line 114.
LaTeX Font Info:    ... okay on input line 114.
LaTeX Font Info:    Checking defaults for OMX/cmex/m/n on input line 114.
LaTeX Font Info:    ... okay on input line 114.
LaTeX Font Info:    Checking defaults for U/cmr/m/n on input line 114.
LaTeX Font Info:    ... okay on input line 114.
LaTeX Font Info:    Checking defaults for PD1/pdf/m/n on input line 114.
LaTeX Font Info:    ... okay on input line 114.
LaTeX Font Info:    Checking defaults for PU/pdf/m/n on input line 114.
LaTeX Font Info:    ... okay on input line 114.
LaTeX Info: Redefining \microtypecontext on input line 114.
Package microtype Info: Generating PDF output.
Package microtype Info: Character protrusion enabled (level 2).
Package microtype Info: Using protrusion set `basicmath'.
Package microtype Info: Automatic font expansion enabled (level 2),
(microtype)             stretch: 20, shrink: 20, step: 1, non-selected.
Package microtype Info: Using default expansion set `alltext-nott'.
LaTeX Info: Redefining \showhyphens on input line 114.
Package microtype Info: No adjustment of tracking.
Package microtype Info: No adjustment of interword spacing.
Package microtype Info: No adjustment of character kerning.
(/data/hu_fbeyer/.TinyTeX/texmf-dist/tex/latex/microtype/mt-cmr.cfg
File: mt-cmr.cfg 2013/05/19 v2.2 microtype config. file: Computer Modern Roman 
(RS)
) (/data/hu_fbeyer/.TinyTeX/texmf-dist/tex/latex/epstopdf-pkg/epstopdf-base.sty
Package: epstopdf-base 2020-01-24 v2.11 Base part for package epstopdf
Package epstopdf-base Info: Redefining graphics rule for `.eps' on input line 4
85.
(/data/hu_fbeyer/.TinyTeX/texmf-dist/tex/latex/latexconfig/epstopdf-sys.cfg
File: epstopdf-sys.cfg 2010/07/13 v1.3 Configuration of (r)epstopdf for TeX Liv
e
))
Package hyperref Info: Link coloring OFF on input line 114.
(/data/hu_fbeyer/.TinyTeX/texmf-dist/tex/latex/hyperref/nameref.sty
Package: nameref 2019/09/16 v2.46 Cross-referencing by name of section
(/data/hu_fbeyer/.TinyTeX/texmf-dist/tex/latex/refcount/refcount.sty
Package: refcount 2019/12/15 v3.6 Data extraction from label references (HO)
)
(/data/hu_fbeyer/.TinyTeX/texmf-dist/tex/generic/gettitlestring/gettitlestring.
sty
Package: gettitlestring 2019/12/15 v1.6 Cleanup title references (HO)
)
\c@section@level=\count304
)
LaTeX Info: Redefining \ref on input line 114.
LaTeX Info: Redefining \pageref on input line 114.
LaTeX Info: Redefining \nameref on input line 114.
(./Manuscript_Effect_of_scanner_upgrade_afterRevision2021.out) (./Manuscript_Ef
fect_of_scanner_upgrade_afterRevision2021.out)
\@outlinefile=\write3
\openout3 = `Manuscript_Effect_of_scanner_upgrade_afterRevision2021.out'.

*geometry* driver: auto-detecting
*geometry* detected driver: pdftex
*geometry* verbose mode - [ preamble ] result:
* driver: pdftex
* paper: <default>
* layout: <same size as paper>
* layoutoffset:(h,v)=(0.0pt,0.0pt)
* modes: 
* h-part:(L,W,R)=(72.26999pt, 469.75502pt, 72.26999pt)
* v-part:(T,H,B)=(72.26999pt, 650.43001pt, 72.26999pt)
* \paperwidth=614.295pt
* \paperheight=794.96999pt
* \textwidth=469.75502pt
* \textheight=650.43001pt
* \oddsidemargin=0.0pt
* \evensidemargin=0.0pt
* \topmargin=-37.0pt
* \headheight=12.0pt
* \headsep=25.0pt
* \topskip=10.0pt
* \footskip=30.0pt
* \marginparwidth=65.0pt
* \marginparsep=11.0pt
* \columnsep=10.0pt
* \skip\footins=9.0pt plus 4.0pt minus 2.0pt
* \hoffset=0.0pt
* \voffset=0.0pt
* \mag=1000
* \@twocolumnfalse
* \@twosidefalse
* \@mparswitchfalse
* \@reversemarginfalse
* (1in=72.27pt=25.4mm, 1cm=28.453pt)

LaTeX Font Info:    Trying to load font information for OT1+lmr on input line 1
16.
(/data/hu_fbeyer/.TinyTeX/texmf-dist/tex/latex/lm/ot1lmr.fd
File: ot1lmr.fd 2009/10/30 v1.6 Font defs for Latin Modern
)
LaTeX Font Info:    Trying to load font information for OML+lmm on input line 1
16.
(/data/hu_fbeyer/.TinyTeX/texmf-dist/tex/latex/lm/omllmm.fd
File: omllmm.fd 2009/10/30 v1.6 Font defs for Latin Modern
)
LaTeX Font Info:    Trying to load font information for OMS+lmsy on input line 
116.
(/data/hu_fbeyer/.TinyTeX/texmf-dist/tex/latex/lm/omslmsy.fd
File: omslmsy.fd 2009/10/30 v1.6 Font defs for Latin Modern
)
LaTeX Font Info:    Trying to load font information for OMX+lmex on input line 
116.
(/data/hu_fbeyer/.TinyTeX/texmf-dist/tex/latex/lm/omxlmex.fd
File: omxlmex.fd 2009/10/30 v1.6 Font defs for Latin Modern
)
LaTeX Font Info:    External font `lmex10' loaded for size
(Font)              <12> on input line 116.
LaTeX Font Info:    External font `lmex10' loaded for size
(Font)              <8> on input line 116.
LaTeX Font Info:    External font `lmex10' loaded for size
(Font)              <6> on input line 116.
LaTeX Font Info:    Trying to load font information for U+msa on input line 116
.
(/data/hu_fbeyer/.TinyTeX/texmf-dist/tex/latex/amsfonts/umsa.fd
File: umsa.fd 2013/01/14 v3.01 AMS symbols A
) (/data/hu_fbeyer/.TinyTeX/texmf-dist/tex/latex/microtype/mt-msa.cfg
File: mt-msa.cfg 2006/02/04 v1.1 microtype config. file: AMS symbols (a) (RS)
)
LaTeX Font Info:    Trying to load font information for U+msb on input line 116
.
(/data/hu_fbeyer/.TinyTeX/texmf-dist/tex/latex/amsfonts/umsb.fd
File: umsb.fd 2013/01/14 v3.01 AMS symbols B
) (/data/hu_fbeyer/.TinyTeX/texmf-dist/tex/latex/microtype/mt-msb.cfg
File: mt-msb.cfg 2005/06/01 v1.0 microtype config. file: AMS symbols (b) (RS)
) (./Manuscript_Effect_of_scanner_upgrade_afterRevision2021.toc
LaTeX Font Info:    External font `lmex10' loaded for size
(Font)              <10> on input line 4.
LaTeX Font Info:    External font `lmex10' loaded for size
(Font)              <7> on input line 4.
LaTeX Font Info:    External font `lmex10' loaded for size
(Font)              <5> on input line 4.
)
\tf@toc=\write4
\openout4 = `Manuscript_Effect_of_scanner_upgrade_afterRevision2021.toc'.

[1

{/data/hu_fbeyer/.TinyTeX/texmf-var/fonts/map/pdftex/updmap/pdftex.map}] [2] [3
]
LaTeX Font Info:    Trying to load font information for TS1+lmr on input line 1
84.
(/data/hu_fbeyer/.TinyTeX/texmf-dist/tex/latex/lm/ts1lmr.fd
File: ts1lmr.fd 2009/10/30 v1.6 Font defs for Latin Modern
)
LaTeX Font Info:    Trying to load font information for T1+lmtt on input line 1
92.
(/data/hu_fbeyer/.TinyTeX/texmf-dist/tex/latex/lm/t1lmtt.fd
File: t1lmtt.fd 2009/10/30 v1.6 Font defs for Latin Modern
) [4]

LaTeX Warning: Reference `fig:overview' on page 5 undefined on input line 218.

[5]

LaTeX Warning: Command \texttwosuperior invalid in math mode on input line 227.



LaTeX Warning: Command \texttwosuperior invalid in math mode on input line 227.



LaTeX Warning: Command \texttwosuperior invalid in math mode on input line 227.



LaTeX Warning: Command \texttwosuperior invalid in math mode on input line 227.



LaTeX Warning: Command \texttwosuperior invalid in math mode on input line 227.



LaTeX Warning: Command \texttwosuperior invalid in math mode on input line 227.



LaTeX Warning: Command \texttwosuperior invalid in math mode on input line 227.



LaTeX Warning: Command \texttwosuperior invalid in math mode on input line 227.



LaTeX Warning: Command \texttwosuperior invalid in math mode on input line 228.



LaTeX Warning: Command \texttwosuperior invalid in math mode on input line 228.



LaTeX Warning: Command \texttwosuperior invalid in math mode on input line 228.



LaTeX Warning: Command \texttwosuperior invalid in math mode on input line 228.



LaTeX Warning: Command \texttwosuperior invalid in math mode on input line 228.



LaTeX Warning: Command \texttwosuperior invalid in math mode on input line 228.


[6]
Underfull \hbox (badness 1062) in paragraph at lines 250--251
\T1/lmr/m/n/10 (+20) The min-i-mal un-der-ly-ing dataset for the region-wise an
al-y-ses in this manuscript is openly avail-
 []


Underfull \hbox (badness 1221) in paragraph at lines 250--251
\T1/lmr/m/n/10 (+20) able (10.17617/3.6b). More-over, the data and the cor-re-s
pond-ing code are avail-able on github
 []

[7]
<figures/thickness_icc.png, id=145, 1497.595pt x 1326.9575pt>
File: figures/thickness_icc.png Graphic file (type png)
<use figures/thickness_icc.png>
Package pdftex.def Info: figures/thickness_icc.png  used on input line 263.
(pdftex.def)             Requested size: 220.21924pt x 195.12723pt.
<figures/thickness_pd.png, id=146, 1497.595pt x 1326.9575pt>
File: figures/thickness_pd.png Graphic file (type png)
<use figures/thickness_pd.png>
Package pdftex.def Info: figures/thickness_pd.png  used on input line 263.
(pdftex.def)             Requested size: 220.21924pt x 195.12723pt.
<figures/area_icc.png, id=147, 1497.595pt x 1326.9575pt>
File: figures/area_icc.png Graphic file (type png)
<use figures/area_icc.png>
Package pdftex.def Info: figures/area_icc.png  used on input line 272.
(pdftex.def)             Requested size: 220.21924pt x 195.12723pt.
<figures/area_pd.png, id=148, 1497.595pt x 1326.9575pt>
File: figures/area_pd.png Graphic file (type png)
<use figures/area_pd.png>
Package pdftex.def Info: figures/area_pd.png  used on input line 272.
(pdftex.def)             Requested size: 220.21924pt x 195.12723pt.
<figures/volume_icc.png, id=149, 1497.595pt x 1326.9575pt>
File: figures/volume_icc.png Graphic file (type png)
<use figures/volume_icc.png>
Package pdftex.def Info: figures/volume_icc.png  used on input line 281.
(pdftex.def)             Requested size: 220.21924pt x 195.12723pt.
<figures/volume_pd.png, id=150, 1497.595pt x 1326.9575pt>
File: figures/volume_pd.png Graphic file (type png)
<use figures/volume_pd.png>
Package pdftex.def Info: figures/volume_pd.png  used on input line 281.
(pdftex.def)             Requested size: 220.21924pt x 195.12723pt.
<figures/thickness_sm10_pd.png, id=151, 1525.7pt x 1294.8375pt>
File: figures/thickness_sm10_pd.png Graphic file (type png)
<use figures/thickness_sm10_pd.png>
Package pdftex.def Info: figures/thickness_sm10_pd.png  used on input line 294.

(pdftex.def)             Requested size: 140.91551pt x 119.59277pt.
<figures/area_sm10_pd.png, id=152, 1525.7pt x 1294.8375pt>
File: figures/area_sm10_pd.png Graphic file (type png)
<use figures/area_sm10_pd.png>
Package pdftex.def Info: figures/area_sm10_pd.png  used on input line 294.
(pdftex.def)             Requested size: 140.91551pt x 119.59277pt.
<figures/volume_sm10_pd.png, id=153, 1525.7pt x 1294.8375pt>
File: figures/volume_sm10_pd.png Graphic file (type png)
<use figures/volume_sm10_pd.png>
Package pdftex.def Info: figures/volume_sm10_pd.png  used on input line 294.
(pdftex.def)             Requested size: 140.91551pt x 119.59277pt.
<figures/Cort_BA.png, id=155, 511.9125pt x 505.89pt>
File: figures/Cort_BA.png Graphic file (type png)
<use figures/Cort_BA.png>
Package pdftex.def Info: figures/Cort_BA.png  used on input line 305.
(pdftex.def)             Requested size: 511.91905pt x 505.89645pt.

Overfull \hbox (42.16403pt too wide) in paragraph at lines 305--306
 [][] 
 []

<figures/Subcort_BA.png, id=157, 511.9125pt x 505.89pt>
File: figures/Subcort_BA.png Graphic file (type png)
<use figures/Subcort_BA.png>
Package pdftex.def Info: figures/Subcort_BA.png  used on input line 363.
(pdftex.def)             Requested size: 511.91905pt x 505.89645pt.

Overfull \hbox (42.16403pt too wide) in paragraph at lines 363--364
 [][] 
 []

[8pdfTeX warning (ext4): destination with the same identifier (name{figure.1}) 
has been already used, duplicate ignored
<argument> ...shipout:D \box_use:N \l_shipout_box 
                                                  
l.371 
       <./figures/thickness_icc.png> <./figures/thickness_pd.png>] [9pdfTeX war
ning (ext4): destination with the same identifier (name{figure.2}) has been alr
eady used, duplicate ignored
<argument> ...shipout:D \box_use:N \l_shipout_box 
                                                  
l.371 
      pdfTeX warning (ext4): destination with the same identifier (name{figure.
3}) has been already used, duplicate ignored
<argument> ...shipout:D \box_use:N \l_shipout_box 
                                                  
l.371 
      pdfTeX warning (ext4): destination with the same identifier (name{figure.
4}) has been already used, duplicate ignored
<argument> ...shipout:D \box_use:N \l_shipout_box 
                                                  
l.371 
       <./figures/area_icc.png> <./figures/area_pd.png> <./figures/volume_icc.p
ng> <./figures/volume_pd.png> <./figures/thickness_sm10_pd.png> <./figures/area
_sm10_pd.png> <./figures/volume_sm10_pd.png>] [10pdfTeX warning (ext4): destina
tion with the same identifier (name{figure.5}) has been already used, duplicate
 ignored
<argument> ...shipout:D \box_use:N \l_shipout_box 
                                                  
l.371 
       <./figures/Cort_BA.png (PNG copy)>] [11pdfTeX warning (ext4): destinatio
n with the same identifier (name{figure.6}) has been already used, duplicate ig
nored
<argument> ...shipout:D \box_use:N \l_shipout_box 
                                                  
l.371 
       <./figures/Subcort_BA.png (PNG copy)>]
<Manuscript_Effect_of_scanner_upgrade_afterRevision2021_files/figure-latex/plot
qadiff-1.pdf, id=187, 624.3325pt x 265.99374pt>
File: Manuscript_Effect_of_scanner_upgrade_afterRevision2021_files/figure-latex
/plotqadiff-1.pdf Graphic file (type pdf)
<use Manuscript_Effect_of_scanner_upgrade_afterRevision2021_files/figure-latex/
plotqadiff-1.pdf>
Package pdftex.def Info: Manuscript_Effect_of_scanner_upgrade_afterRevision2021
_files/figure-latex/plotqadiff-1.pdf  used on input line 379.
(pdftex.def)             Requested size: 469.76294pt x 200.14015pt.

LaTeX Warning: Reference `fig:plotcnrct' on page 12 undefined on input line 387
.


LaTeX Warning: Reference `fig:plotcnrct' on page 12 undefined on input line 387
.

[12pdfTeX warning (ext4): destination with the same identifier (name{table.2}) 
has been already used, duplicate ignored
<argument> ...shipout:D \box_use:N \l_shipout_box 
                                                  
l.388 
      pdfTeX warning (ext4): destination with the same identifier (name{figure.
7}) has been already used, duplicate ignored
<argument> ...shipout:D \box_use:N \l_shipout_box 
                                                  
l.388 
       <./Manuscript_Effect_of_scanner_upgrade_afterRevision2021_files/figure-l
atex/plotqadiff-1.pdf>]
<figures/supfrontal_withROI.png, id=203, 1927.2pt x 1084.05pt>
File: figures/supfrontal_withROI.png Graphic file (type png)
<use figures/supfrontal_withROI.png>
Package pdftex.def Info: figures/supfrontal_withROI.png  used on input line 393
.
(pdftex.def)             Requested size: 230.16597pt x 129.46835pt.
<figures/latocc_withROI.png, id=205, 1927.2pt x 1084.05pt>
File: figures/latocc_withROI.png Graphic file (type png)
<use figures/latocc_withROI.png>
Package pdftex.def Info: figures/latocc_withROI.png  used on input line 393.
(pdftex.def)             Requested size: 230.16597pt x 129.46835pt.
<figures/thickness_icc_unwarped.png, id=206, 1497.595pt x 1326.9575pt>
File: figures/thickness_icc_unwarped.png Graphic file (type png)
<use figures/thickness_icc_unwarped.png>
Package pdftex.def Info: figures/thickness_icc_unwarped.png  used on input line
 407.
(pdftex.def)             Requested size: 220.21924pt x 195.12723pt.
<figures/thickness_pd_unwarped.png, id=207, 1497.595pt x 1326.9575pt>
File: figures/thickness_pd_unwarped.png Graphic file (type png)
<use figures/thickness_pd_unwarped.png>
Package pdftex.def Info: figures/thickness_pd_unwarped.png  used on input line 
407.
(pdftex.def)             Requested size: 220.21924pt x 195.12723pt.
[13pdfTeX warning (ext4): destination with the same identifier (name{figure.8})
 has been already used, duplicate ignored
<argument> ...shipout:D \box_use:N \l_shipout_box 
                                                  
l.417 
      pdfTeX warning (ext4): destination with the same identifier (name{figure.
9}) has been already used, duplicate ignored
<argument> ...shipout:D \box_use:N \l_shipout_box 
                                                  
l.417 
       <./figures/supfrontal_withROI.png> <./figures/latocc_withROI.png> <./fig
ures/thickness_icc_unwarped.png> <./figures/thickness_pd_unwarped.png>] [14pdfT
eX warning (ext4): destination with the same identifier (name{table.3}) has bee
n already used, duplicate ignored
<argument> ...shipout:D \box_use:N \l_shipout_box 
                                                  
l.460 \newpage
              ] [15] [16] [17] [18] [19] [20] (./Manuscript_Effect_of_scanner_u
pgrade_afterRevision2021.aux)

LaTeX Warning: There were undefined references.

Package rerunfilecheck Info: File `Manuscript_Effect_of_scanner_upgrade_afterRe
vision2021.out' has not changed.
(rerunfilecheck)             Checksum: 0938B876E6276DB38013F218634DB8A8;2133.
 ) 
Here is how much of TeX's memory you used:
 14509 strings out of 481226
 216233 string characters out of 5914293
 567978 words of memory out of 5000000
 30886 multiletter control sequences out of 15000+600000
 460860 words of font info for 147 fonts, out of 8000000 for 9000
 14 hyphenation exceptions out of 8191
 71i,9n,74p,1276b,369s stack positions out of 5000i,500n,10000p,200000b,80000s
{/data/hu_fbeyer/.TinyTeX/texmf-dist/fonts/enc/dvips/lm/lm-mathsy.enc}{/data/
hu_fbeyer/.TinyTeX/texmf-dist/fonts/enc/dvips/lm/lm-mathex.enc}{/data/hu_fbeyer
/.TinyTeX/texmf-dist/fonts/enc/dvips/lm/lm-rm.enc}{/data/hu_fbeyer/.TinyTeX/tex
mf-dist/fonts/enc/dvips/lm/lm-mathit.enc}{/data/hu_fbeyer/.TinyTeX/texmf-dist/f
onts/enc/dvips/lm/lm-ec.enc}{/data/hu_fbeyer/.TinyTeX/texmf-dist/fonts/enc/dvip
s/lm/lm-ts1.enc}</data/hu_fbeyer/.TinyTeX/texmf-dist/fonts/type1/public/lm/lmbx
10.pfb></data/hu_fbeyer/.TinyTeX/texmf-dist/fonts/type1/public/lm/lmbx12.pfb></
data/hu_fbeyer/.TinyTeX/texmf-dist/fonts/type1/public/lm/lmex10.pfb></data/hu_f
beyer/.TinyTeX/texmf-dist/fonts/type1/public/lm/lmmi10.pfb></data/hu_fbeyer/.Ti
nyTeX/texmf-dist/fonts/type1/public/lm/lmmi7.pfb></data/hu_fbeyer/.TinyTeX/texm
f-dist/fonts/type1/public/lm/lmr10.pfb></data/hu_fbeyer/.TinyTeX/texmf-dist/fon
ts/type1/public/lm/lmr12.pfb></data/hu_fbeyer/.TinyTeX/texmf-dist/fonts/type1/p
ublic/lm/lmr17.pfb></data/hu_fbeyer/.TinyTeX/texmf-dist/fonts/type1/public/lm/l
mr7.pfb></data/hu_fbeyer/.TinyTeX/texmf-dist/fonts/type1/public/lm/lmri10.pfb><
/data/hu_fbeyer/.TinyTeX/texmf-dist/fonts/type1/public/lm/lmsy10.pfb></data/hu_
fbeyer/.TinyTeX/texmf-dist/fonts/type1/public/lm/lmtt10.pfb>
Output written on Manuscript_Effect_of_scanner_upgrade_afterRevision2021.pdf (2
0 pages, 21233268 bytes).
PDF statistics:
 410 PDF objects out of 1000 (max. 8388607)
 352 compressed objects within 4 object streams
 120 named destinations out of 1000 (max. 500000)
 30905 words of extra memory for PDF output out of 35830 (max. 10000000)

